{"uid":"3e06541b4758e8a5","name":"okUrlTest","fullName":"tests.SmallBusinessSocialsTest.okUrlTest","historyId":"8508b7d4a0902df00b5772b17e6f5789","time":{"start":1659967582606,"stop":1659967597167,"duration":14561},"status":"failed","statusMessage":"Element not found {By.xpath: //a[@aria-label='Ok']}\nExpected: exist\nScreenshot: file:/home/runner/work/autoTestsExam/autoTestsExam/build/reports/tests/1659967596171.0.png\nPage source: file:/home/runner/work/autoTestsExam/autoTestsExam/build/reports/tests/1659967596171.0.html\nTimeout: 4 s.\nCaused by: StaleElementReferenceException: stale element reference: element is not attached to the page document","statusTrace":"Element not found {By.xpath: //a[@aria-label='Ok']}\nExpected: exist\nScreenshot: file:/home/runner/work/autoTestsExam/autoTestsExam/build/reports/tests/1659967596171.0.png\nPage source: file:/home/runner/work/autoTestsExam/autoTestsExam/build/reports/tests/1659967596171.0.html\nTimeout: 4 s.\nCaused by: StaleElementReferenceException: stale element reference: element is not attached to the page document\n\tat com.codeborne.selenide.impl.WebElementSource.createElementNotFoundError(WebElementSource.java:87)\n\tat com.codeborne.selenide.impl.ElementFinder.createElementNotFoundError(ElementFinder.java:122)\n\tat com.codeborne.selenide.impl.ExceptionWrapper.wrap(ExceptionWrapper.java:32)\n\tat com.codeborne.selenide.impl.SelenideElementProxy.dispatchAndRetry(SelenideElementProxy.java:151)\n\tat com.codeborne.selenide.impl.SelenideElementProxy.invoke(SelenideElementProxy.java:81)\n\tat jdk.proxy2/jdk.proxy2.$Proxy16.getAttribute(Unknown Source)\n\tat pages.smallBuiness.SmallBusinessPage.checkOKUrl(SmallBusinessPage.java:49)\n\tat tests.SmallBusinessSocialsTest.okUrlTest(SmallBusinessSocialsTest.java:39)\n\tat java.base/jdk.internal.reflect.NativeMethodAccessorImpl.invoke0(Native Method)\n\tat java.base/jdk.internal.reflect.NativeMethodAccessorImpl.invoke(NativeMethodAccessorImpl.java:77)\n\tat java.base/jdk.internal.reflect.DelegatingMethodAccessorImpl.invoke(DelegatingMethodAccessorImpl.java:43)\n\tat java.base/java.lang.reflect.Method.invoke(Method.java:568)\n\tat org.junit.runners.model.FrameworkMethod$1.runReflectiveCall(FrameworkMethod.java:59)\n\tat org.junit.internal.runners.model.ReflectiveCallable.run(ReflectiveCallable.java:12)\n\tat org.junit.runners.model.FrameworkMethod.invokeExplosively(FrameworkMethod.java:56)\n\tat org.junit.internal.runners.statements.InvokeMethod.evaluate(InvokeMethod.java:17)\n\tat org.junit.internal.runners.statements.RunBefores.evaluate(RunBefores.java:26)\n\tat org.junit.internal.runners.statements.RunAfters.evaluate(RunAfters.java:27)\n\tat org.junit.runners.ParentRunner$3.evaluate(ParentRunner.java:306)\n\tat org.junit.runners.BlockJUnit4ClassRunner$1.evaluate(BlockJUnit4ClassRunner.java:100)\n\tat org.junit.runners.ParentRunner.runLeaf(ParentRunner.java:366)\n\tat org.junit.runners.BlockJUnit4ClassRunner.runChild(BlockJUnit4ClassRunner.java:103)\n\tat org.junit.runners.BlockJUnit4ClassRunner.runChild(BlockJUnit4ClassRunner.java:63)\n\tat org.junit.runners.ParentRunner$4.run(ParentRunner.java:331)\n\tat org.junit.runners.ParentRunner$1.schedule(ParentRunner.java:79)\n\tat org.junit.runners.ParentRunner.runChildren(ParentRunner.java:329)\n\tat org.junit.runners.ParentRunner.access$100(ParentRunner.java:66)\n\tat org.junit.runners.ParentRunner$2.evaluate(ParentRunner.java:293)\n\tat org.junit.runners.ParentRunner$3.evaluate(ParentRunner.java:306)\n\tat org.junit.runners.ParentRunner.run(ParentRunner.java:413)\n\tat org.apache.maven.surefire.junit4.JUnit4Provider.execute(JUnit4Provider.java:377)\n\tat org.apache.maven.surefire.junit4.JUnit4Provider.executeWithRerun(JUnit4Provider.java:284)\n\tat org.apache.maven.surefire.junit4.JUnit4Provider.executeTestSet(JUnit4Provider.java:248)\n\tat org.apache.maven.surefire.junit4.JUnit4Provider.invoke(JUnit4Provider.java:167)\n\tat org.apache.maven.surefire.booter.ForkedBooter.runSuitesInProcess(ForkedBooter.java:456)\n\tat org.apache.maven.surefire.booter.ForkedBooter.execute(ForkedBooter.java:169)\n\tat org.apache.maven.surefire.booter.ForkedBooter.run(ForkedBooter.java:595)\n\tat org.apache.maven.surefire.booter.ForkedBooter.main(ForkedBooter.java:581)\nCaused by: org.openqa.selenium.StaleElementReferenceException: stale element reference: element is not attached to the page document\n  (Session info: chrome=104.0.5112.79)\nFor documentation on this error, please visit: https://selenium.dev/exceptions/#stale_element_reference\nBuild info: version: '4.3.0', revision: 'a4995e2c09*'\nSystem info: host: 'fv-az131-695', ip: '10.1.0.177', os.name: 'Linux', os.arch: 'amd64', os.version: '5.15.0-1014-azure', java.version: '17.0.4'\nDriver info: org.openqa.selenium.remote.RemoteWebDriver\nCommand: [ddf20deeda54c1e49e03caece88e6657, getElementAttribute {id=70570a24-c36f-4136-bcb3-4943a476c8c7, name=href}]\nCapabilities {acceptInsecureCerts: true, browserName: chrome, browserVersion: 104.0.5112.79, chrome: {chromedriverVersion: 104.0.5112.79 (3cf3e8c8a07d..., userDataDir: /tmp/.com.google.Chrome.bMPsTu}, goog:chromeOptions: {debuggerAddress: localhost:45257}, networkConnectionEnabled: false, pageLoadStrategy: normal, platformName: LINUX, proxy: Proxy(), setWindowRect: true, strictFileInteractability: false, timeouts: {implicit: 0, pageLoad: 300000, script: 30000}, unhandledPromptBehavior: accept, webauthn:extension:credBlob: true, webauthn:extension:largeBlob: true, webauthn:virtualAuthenticators: true}\nElement: [[RemoteWebDriver: chrome on LINUX (ddf20deeda54c1e49e03caece88e6657)] -> xpath: //a[@aria-label='Ok']]\nSession ID: ddf20deeda54c1e49e03caece88e6657\n\tat java.base/jdk.internal.reflect.NativeConstructorAccessorImpl.newInstance0(Native Method)\n\tat java.base/jdk.internal.reflect.NativeConstructorAccessorImpl.newInstance(NativeConstructorAccessorImpl.java:77)\n\tat java.base/jdk.internal.reflect.DelegatingConstructorAccessorImpl.newInstance(DelegatingConstructorAccessorImpl.java:45)\n\tat java.base/java.lang.reflect.Constructor.newInstanceWithCaller(Constructor.java:499)\n\tat java.base/java.lang.reflect.Constructor.newInstance(Constructor.java:480)\n\tat org.openqa.selenium.remote.codec.w3c.W3CHttpResponseCodec.createException(W3CHttpResponseCodec.java:200)\n\tat org.openqa.selenium.remote.codec.w3c.W3CHttpResponseCodec.decode(W3CHttpResponseCodec.java:133)\n\tat org.openqa.selenium.remote.codec.w3c.W3CHttpResponseCodec.decode(W3CHttpResponseCodec.java:53)\n\tat org.openqa.selenium.remote.HttpCommandExecutor.execute(HttpCommandExecutor.java:184)\n\tat org.openqa.selenium.remote.RemoteWebDriver.execute(RemoteWebDriver.java:569)\n\tat org.openqa.selenium.remote.RemoteWebElement.execute(RemoteWebElement.java:257)\n\tat org.openqa.selenium.remote.RemoteWebElement.getAttribute(RemoteWebElement.java:158)\n\tat com.codeborne.selenide.commands.GetAttribute.execute(GetAttribute.java:20)\n\tat com.codeborne.selenide.commands.GetAttribute.execute(GetAttribute.java:13)\n\tat com.codeborne.selenide.commands.Commands.execute(Commands.java:155)\n\tat com.codeborne.selenide.impl.SelenideElementProxy.dispatchAndRetry(SelenideElementProxy.java:129)\n\t... 34 more\n","flaky":false,"newFailed":true,"newBroken":false,"newPassed":false,"retriesCount":0,"retriesStatusChange":false,"beforeStages":[],"testStage":{"status":"failed","statusMessage":"Element not found {By.xpath: //a[@aria-label='Ok']}\nExpected: exist\nScreenshot: file:/home/runner/work/autoTestsExam/autoTestsExam/build/reports/tests/1659967596171.0.png\nPage source: file:/home/runner/work/autoTestsExam/autoTestsExam/build/reports/tests/1659967596171.0.html\nTimeout: 4 s.\nCaused by: StaleElementReferenceException: stale element reference: element is not attached to the page document","statusTrace":"Element not found {By.xpath: //a[@aria-label='Ok']}\nExpected: exist\nScreenshot: file:/home/runner/work/autoTestsExam/autoTestsExam/build/reports/tests/1659967596171.0.png\nPage source: file:/home/runner/work/autoTestsExam/autoTestsExam/build/reports/tests/1659967596171.0.html\nTimeout: 4 s.\nCaused by: StaleElementReferenceException: stale element reference: element is not attached to the page document\n\tat com.codeborne.selenide.impl.WebElementSource.createElementNotFoundError(WebElementSource.java:87)\n\tat com.codeborne.selenide.impl.ElementFinder.createElementNotFoundError(ElementFinder.java:122)\n\tat com.codeborne.selenide.impl.ExceptionWrapper.wrap(ExceptionWrapper.java:32)\n\tat com.codeborne.selenide.impl.SelenideElementProxy.dispatchAndRetry(SelenideElementProxy.java:151)\n\tat com.codeborne.selenide.impl.SelenideElementProxy.invoke(SelenideElementProxy.java:81)\n\tat jdk.proxy2/jdk.proxy2.$Proxy16.getAttribute(Unknown Source)\n\tat pages.smallBuiness.SmallBusinessPage.checkOKUrl(SmallBusinessPage.java:49)\n\tat tests.SmallBusinessSocialsTest.okUrlTest(SmallBusinessSocialsTest.java:39)\n\tat java.base/jdk.internal.reflect.NativeMethodAccessorImpl.invoke0(Native Method)\n\tat java.base/jdk.internal.reflect.NativeMethodAccessorImpl.invoke(NativeMethodAccessorImpl.java:77)\n\tat java.base/jdk.internal.reflect.DelegatingMethodAccessorImpl.invoke(DelegatingMethodAccessorImpl.java:43)\n\tat java.base/java.lang.reflect.Method.invoke(Method.java:568)\n\tat org.junit.runners.model.FrameworkMethod$1.runReflectiveCall(FrameworkMethod.java:59)\n\tat org.junit.internal.runners.model.ReflectiveCallable.run(ReflectiveCallable.java:12)\n\tat org.junit.runners.model.FrameworkMethod.invokeExplosively(FrameworkMethod.java:56)\n\tat org.junit.internal.runners.statements.InvokeMethod.evaluate(InvokeMethod.java:17)\n\tat org.junit.internal.runners.statements.RunBefores.evaluate(RunBefores.java:26)\n\tat org.junit.internal.runners.statements.RunAfters.evaluate(RunAfters.java:27)\n\tat org.junit.runners.ParentRunner$3.evaluate(ParentRunner.java:306)\n\tat org.junit.runners.BlockJUnit4ClassRunner$1.evaluate(BlockJUnit4ClassRunner.java:100)\n\tat org.junit.runners.ParentRunner.runLeaf(ParentRunner.java:366)\n\tat org.junit.runners.BlockJUnit4ClassRunner.runChild(BlockJUnit4ClassRunner.java:103)\n\tat org.junit.runners.BlockJUnit4ClassRunner.runChild(BlockJUnit4ClassRunner.java:63)\n\tat org.junit.runners.ParentRunner$4.run(ParentRunner.java:331)\n\tat org.junit.runners.ParentRunner$1.schedule(ParentRunner.java:79)\n\tat org.junit.runners.ParentRunner.runChildren(ParentRunner.java:329)\n\tat org.junit.runners.ParentRunner.access$100(ParentRunner.java:66)\n\tat org.junit.runners.ParentRunner$2.evaluate(ParentRunner.java:293)\n\tat org.junit.runners.ParentRunner$3.evaluate(ParentRunner.java:306)\n\tat org.junit.runners.ParentRunner.run(ParentRunner.java:413)\n\tat org.apache.maven.surefire.junit4.JUnit4Provider.execute(JUnit4Provider.java:377)\n\tat org.apache.maven.surefire.junit4.JUnit4Provider.executeWithRerun(JUnit4Provider.java:284)\n\tat org.apache.maven.surefire.junit4.JUnit4Provider.executeTestSet(JUnit4Provider.java:248)\n\tat org.apache.maven.surefire.junit4.JUnit4Provider.invoke(JUnit4Provider.java:167)\n\tat org.apache.maven.surefire.booter.ForkedBooter.runSuitesInProcess(ForkedBooter.java:456)\n\tat org.apache.maven.surefire.booter.ForkedBooter.execute(ForkedBooter.java:169)\n\tat org.apache.maven.surefire.booter.ForkedBooter.run(ForkedBooter.java:595)\n\tat org.apache.maven.surefire.booter.ForkedBooter.main(ForkedBooter.java:581)\nCaused by: org.openqa.selenium.StaleElementReferenceException: stale element reference: element is not attached to the page document\n  (Session info: chrome=104.0.5112.79)\nFor documentation on this error, please visit: https://selenium.dev/exceptions/#stale_element_reference\nBuild info: version: '4.3.0', revision: 'a4995e2c09*'\nSystem info: host: 'fv-az131-695', ip: '10.1.0.177', os.name: 'Linux', os.arch: 'amd64', os.version: '5.15.0-1014-azure', java.version: '17.0.4'\nDriver info: org.openqa.selenium.remote.RemoteWebDriver\nCommand: [ddf20deeda54c1e49e03caece88e6657, getElementAttribute {id=70570a24-c36f-4136-bcb3-4943a476c8c7, name=href}]\nCapabilities {acceptInsecureCerts: true, browserName: chrome, browserVersion: 104.0.5112.79, chrome: {chromedriverVersion: 104.0.5112.79 (3cf3e8c8a07d..., userDataDir: /tmp/.com.google.Chrome.bMPsTu}, goog:chromeOptions: {debuggerAddress: localhost:45257}, networkConnectionEnabled: false, pageLoadStrategy: normal, platformName: LINUX, proxy: Proxy(), setWindowRect: true, strictFileInteractability: false, timeouts: {implicit: 0, pageLoad: 300000, script: 30000}, unhandledPromptBehavior: accept, webauthn:extension:credBlob: true, webauthn:extension:largeBlob: true, webauthn:virtualAuthenticators: true}\nElement: [[RemoteWebDriver: chrome on LINUX (ddf20deeda54c1e49e03caece88e6657)] -> xpath: //a[@aria-label='Ok']]\nSession ID: ddf20deeda54c1e49e03caece88e6657\n\tat java.base/jdk.internal.reflect.NativeConstructorAccessorImpl.newInstance0(Native Method)\n\tat java.base/jdk.internal.reflect.NativeConstructorAccessorImpl.newInstance(NativeConstructorAccessorImpl.java:77)\n\tat java.base/jdk.internal.reflect.DelegatingConstructorAccessorImpl.newInstance(DelegatingConstructorAccessorImpl.java:45)\n\tat java.base/java.lang.reflect.Constructor.newInstanceWithCaller(Constructor.java:499)\n\tat java.base/java.lang.reflect.Constructor.newInstance(Constructor.java:480)\n\tat org.openqa.selenium.remote.codec.w3c.W3CHttpResponseCodec.createException(W3CHttpResponseCodec.java:200)\n\tat org.openqa.selenium.remote.codec.w3c.W3CHttpResponseCodec.decode(W3CHttpResponseCodec.java:133)\n\tat org.openqa.selenium.remote.codec.w3c.W3CHttpResponseCodec.decode(W3CHttpResponseCodec.java:53)\n\tat org.openqa.selenium.remote.HttpCommandExecutor.execute(HttpCommandExecutor.java:184)\n\tat org.openqa.selenium.remote.RemoteWebDriver.execute(RemoteWebDriver.java:569)\n\tat org.openqa.selenium.remote.RemoteWebElement.execute(RemoteWebElement.java:257)\n\tat org.openqa.selenium.remote.RemoteWebElement.getAttribute(RemoteWebElement.java:158)\n\tat com.codeborne.selenide.commands.GetAttribute.execute(GetAttribute.java:20)\n\tat com.codeborne.selenide.commands.GetAttribute.execute(GetAttribute.java:13)\n\tat com.codeborne.selenide.commands.Commands.execute(Commands.java:155)\n\tat com.codeborne.selenide.impl.SelenideElementProxy.dispatchAndRetry(SelenideElementProxy.java:129)\n\t... 34 more\n","steps":[{"name":"Открываем https://www.mtsbank.ru","time":{"start":1659967582606,"stop":1659967590438,"duration":7832},"status":"passed","steps":[{"name":"$(\"open\") https://www.mtsbank.ru/","time":{"start":1659967582606,"stop":1659967590438,"duration":7832},"status":"passed","steps":[{"name":"$(\"webdriver\") create()","time":{"start":1659967582606,"stop":1659967583909,"duration":1303},"status":"passed","steps":[],"attachments":[],"parameters":[],"stepsCount":0,"attachmentsCount":0,"shouldDisplayMessage":false,"hasContent":false}],"attachments":[],"parameters":[],"stepsCount":1,"attachmentsCount":0,"shouldDisplayMessage":false,"hasContent":true}],"attachments":[],"parameters":[],"stepsCount":2,"attachmentsCount":0,"shouldDisplayMessage":false,"hasContent":true},{"name":"Переход на вкладку 'Малый бизнес и ИП'","time":{"start":1659967590438,"stop":1659967590566,"duration":128},"status":"passed","steps":[{"name":"$(\"By.xpath: //a[@href='/malomu-biznesu/']\") should be(visible)","time":{"start":1659967590439,"stop":1659967590473,"duration":34},"status":"passed","steps":[],"attachments":[],"parameters":[],"stepsCount":0,"attachmentsCount":0,"shouldDisplayMessage":false,"hasContent":false},{"name":"$(\"By.xpath: //a[@href='/malomu-biznesu/']\") click()","time":{"start":1659967590473,"stop":1659967590566,"duration":93},"status":"passed","steps":[],"attachments":[],"parameters":[],"stepsCount":0,"attachmentsCount":0,"shouldDisplayMessage":false,"hasContent":false}],"attachments":[],"parameters":[],"stepsCount":2,"attachmentsCount":0,"shouldDisplayMessage":false,"hasContent":true},{"name":"Проверяем валидность ссылки на одноклассники","time":{"start":1659967590567,"stop":1659967597095,"duration":6528},"status":"failed","statusMessage":"Element not found {By.xpath: //a[@aria-label='Ok']}\nExpected: exist\nScreenshot: file:/home/runner/work/autoTestsExam/autoTestsExam/build/reports/tests/1659967596171.0.png\nPage source: file:/home/runner/work/autoTestsExam/autoTestsExam/build/reports/tests/1659967596171.0.html\nTimeout: 4 s.\nCaused by: StaleElementReferenceException: stale element reference: element is not attached to the page document","statusTrace":"Element not found {By.xpath: //a[@aria-label='Ok']}\nExpected: exist\nScreenshot: file:/home/runner/work/autoTestsExam/autoTestsExam/build/reports/tests/1659967596171.0.png\nPage source: file:/home/runner/work/autoTestsExam/autoTestsExam/build/reports/tests/1659967596171.0.html\nTimeout: 4 s.\nCaused by: StaleElementReferenceException: stale element reference: element is not attached to the page document\n\tat com.codeborne.selenide.impl.WebElementSource.createElementNotFoundError(WebElementSource.java:87)\n\tat com.codeborne.selenide.impl.ElementFinder.createElementNotFoundError(ElementFinder.java:122)\n\tat com.codeborne.selenide.impl.ExceptionWrapper.wrap(ExceptionWrapper.java:32)\n\tat com.codeborne.selenide.impl.SelenideElementProxy.dispatchAndRetry(SelenideElementProxy.java:151)\n\tat com.codeborne.selenide.impl.SelenideElementProxy.invoke(SelenideElementProxy.java:81)\n\tat jdk.proxy2/jdk.proxy2.$Proxy16.getAttribute(Unknown Source)\n\tat pages.smallBuiness.SmallBusinessPage.checkOKUrl(SmallBusinessPage.java:49)\n\tat tests.SmallBusinessSocialsTest.okUrlTest(SmallBusinessSocialsTest.java:39)\n\tat java.base/jdk.internal.reflect.NativeMethodAccessorImpl.invoke0(Native Method)\n\tat java.base/jdk.internal.reflect.NativeMethodAccessorImpl.invoke(NativeMethodAccessorImpl.java:77)\n\tat java.base/jdk.internal.reflect.DelegatingMethodAccessorImpl.invoke(DelegatingMethodAccessorImpl.java:43)\n\tat java.base/java.lang.reflect.Method.invoke(Method.java:568)\n\tat org.junit.runners.model.FrameworkMethod$1.runReflectiveCall(FrameworkMethod.java:59)\n\tat org.junit.internal.runners.model.ReflectiveCallable.run(ReflectiveCallable.java:12)\n\tat org.junit.runners.model.FrameworkMethod.invokeExplosively(FrameworkMethod.java:56)\n\tat org.junit.internal.runners.statements.InvokeMethod.evaluate(InvokeMethod.java:17)\n\tat org.junit.internal.runners.statements.RunBefores.evaluate(RunBefores.java:26)\n\tat org.junit.internal.runners.statements.RunAfters.evaluate(RunAfters.java:27)\n\tat org.junit.runners.ParentRunner$3.evaluate(ParentRunner.java:306)\n\tat org.junit.runners.BlockJUnit4ClassRunner$1.evaluate(BlockJUnit4ClassRunner.java:100)\n\tat org.junit.runners.ParentRunner.runLeaf(ParentRunner.java:366)\n\tat org.junit.runners.BlockJUnit4ClassRunner.runChild(BlockJUnit4ClassRunner.java:103)\n\tat org.junit.runners.BlockJUnit4ClassRunner.runChild(BlockJUnit4ClassRunner.java:63)\n\tat org.junit.runners.ParentRunner$4.run(ParentRunner.java:331)\n\tat org.junit.runners.ParentRunner$1.schedule(ParentRunner.java:79)\n\tat org.junit.runners.ParentRunner.runChildren(ParentRunner.java:329)\n\tat org.junit.runners.ParentRunner.access$100(ParentRunner.java:66)\n\tat org.junit.runners.ParentRunner$2.evaluate(ParentRunner.java:293)\n\tat org.junit.runners.ParentRunner$3.evaluate(ParentRunner.java:306)\n\tat org.junit.runners.ParentRunner.run(ParentRunner.java:413)\n\tat org.apache.maven.surefire.junit4.JUnit4Provider.execute(JUnit4Provider.java:377)\n\tat org.apache.maven.surefire.junit4.JUnit4Provider.executeWithRerun(JUnit4Provider.java:284)\n\tat org.apache.maven.surefire.junit4.JUnit4Provider.executeTestSet(JUnit4Provider.java:248)\n\tat org.apache.maven.surefire.junit4.JUnit4Provider.invoke(JUnit4Provider.java:167)\n\tat org.apache.maven.surefire.booter.ForkedBooter.runSuitesInProcess(ForkedBooter.java:456)\n\tat org.apache.maven.surefire.booter.ForkedBooter.execute(ForkedBooter.java:169)\n\tat org.apache.maven.surefire.booter.ForkedBooter.run(ForkedBooter.java:595)\n\tat org.apache.maven.surefire.booter.ForkedBooter.main(ForkedBooter.java:581)\nCaused by: org.openqa.selenium.StaleElementReferenceException: stale element reference: element is not attached to the page document\n  (Session info: chrome=104.0.5112.79)\nFor documentation on this error, please visit: https://selenium.dev/exceptions/#stale_element_reference\nBuild info: version: '4.3.0', revision: 'a4995e2c09*'\nSystem info: host: 'fv-az131-695', ip: '10.1.0.177', os.name: 'Linux', os.arch: 'amd64', os.version: '5.15.0-1014-azure', java.version: '17.0.4'\nDriver info: org.openqa.selenium.remote.RemoteWebDriver\nCommand: [ddf20deeda54c1e49e03caece88e6657, getElementAttribute {id=70570a24-c36f-4136-bcb3-4943a476c8c7, name=href}]\nCapabilities {acceptInsecureCerts: true, browserName: chrome, browserVersion: 104.0.5112.79, chrome: {chromedriverVersion: 104.0.5112.79 (3cf3e8c8a07d..., userDataDir: /tmp/.com.google.Chrome.bMPsTu}, goog:chromeOptions: {debuggerAddress: localhost:45257}, networkConnectionEnabled: false, pageLoadStrategy: normal, platformName: LINUX, proxy: Proxy(), setWindowRect: true, strictFileInteractability: false, timeouts: {implicit: 0, pageLoad: 300000, script: 30000}, unhandledPromptBehavior: accept, webauthn:extension:credBlob: true, webauthn:extension:largeBlob: true, webauthn:virtualAuthenticators: true}\nElement: [[RemoteWebDriver: chrome on LINUX (ddf20deeda54c1e49e03caece88e6657)] -> xpath: //a[@aria-label='Ok']]\nSession ID: ddf20deeda54c1e49e03caece88e6657\n\tat java.base/jdk.internal.reflect.NativeConstructorAccessorImpl.newInstance0(Native Method)\n\tat java.base/jdk.internal.reflect.NativeConstructorAccessorImpl.newInstance(NativeConstructorAccessorImpl.java:77)\n\tat java.base/jdk.internal.reflect.DelegatingConstructorAccessorImpl.newInstance(DelegatingConstructorAccessorImpl.java:45)\n\tat java.base/java.lang.reflect.Constructor.newInstanceWithCaller(Constructor.java:499)\n\tat java.base/java.lang.reflect.Constructor.newInstance(Constructor.java:480)\n\tat org.openqa.selenium.remote.codec.w3c.W3CHttpResponseCodec.createException(W3CHttpResponseCodec.java:200)\n\tat org.openqa.selenium.remote.codec.w3c.W3CHttpResponseCodec.decode(W3CHttpResponseCodec.java:133)\n\tat org.openqa.selenium.remote.codec.w3c.W3CHttpResponseCodec.decode(W3CHttpResponseCodec.java:53)\n\tat org.openqa.selenium.remote.HttpCommandExecutor.execute(HttpCommandExecutor.java:184)\n\tat org.openqa.selenium.remote.RemoteWebDriver.execute(RemoteWebDriver.java:569)\n\tat org.openqa.selenium.remote.RemoteWebElement.execute(RemoteWebElement.java:257)\n\tat org.openqa.selenium.remote.RemoteWebElement.getAttribute(RemoteWebElement.java:158)\n\tat com.codeborne.selenide.commands.GetAttribute.execute(GetAttribute.java:20)\n\tat com.codeborne.selenide.commands.GetAttribute.execute(GetAttribute.java:13)\n\tat com.codeborne.selenide.commands.Commands.execute(Commands.java:155)\n\tat com.codeborne.selenide.impl.SelenideElementProxy.dispatchAndRetry(SelenideElementProxy.java:129)\n\t... 34 more\n","steps":[{"name":"$(\"By.xpath: //a[@aria-label='Ok']\") get attribute(href)","time":{"start":1659967590567,"stop":1659967597093,"duration":6526},"status":"failed","statusMessage":"Element not found {By.xpath: //a[@aria-label='Ok']}\nExpected: exist\nScreenshot: file:/home/runner/work/autoTestsExam/autoTestsExam/build/reports/tests/1659967596171.0.png\nPage source: file:/home/runner/work/autoTestsExam/autoTestsExam/build/reports/tests/1659967596171.0.html\nTimeout: 4 s.\nCaused by: StaleElementReferenceException: stale element reference: element is not attached to the page document","statusTrace":"Element not found {By.xpath: //a[@aria-label='Ok']}\nExpected: exist\nScreenshot: file:/home/runner/work/autoTestsExam/autoTestsExam/build/reports/tests/1659967596171.0.png\nPage source: file:/home/runner/work/autoTestsExam/autoTestsExam/build/reports/tests/1659967596171.0.html\nTimeout: 4 s.\nCaused by: StaleElementReferenceException: stale element reference: element is not attached to the page document\n\tat com.codeborne.selenide.impl.WebElementSource.createElementNotFoundError(WebElementSource.java:87)\n\tat com.codeborne.selenide.impl.ElementFinder.createElementNotFoundError(ElementFinder.java:122)\n\tat com.codeborne.selenide.impl.ExceptionWrapper.wrap(ExceptionWrapper.java:32)\n\tat com.codeborne.selenide.impl.SelenideElementProxy.dispatchAndRetry(SelenideElementProxy.java:151)\n\tat com.codeborne.selenide.impl.SelenideElementProxy.invoke(SelenideElementProxy.java:81)\n\tat jdk.proxy2/jdk.proxy2.$Proxy16.getAttribute(Unknown Source)\n\tat pages.smallBuiness.SmallBusinessPage.checkOKUrl(SmallBusinessPage.java:49)\n\tat tests.SmallBusinessSocialsTest.okUrlTest(SmallBusinessSocialsTest.java:39)\n\tat java.base/jdk.internal.reflect.NativeMethodAccessorImpl.invoke0(Native Method)\n\tat java.base/jdk.internal.reflect.NativeMethodAccessorImpl.invoke(NativeMethodAccessorImpl.java:77)\n\tat java.base/jdk.internal.reflect.DelegatingMethodAccessorImpl.invoke(DelegatingMethodAccessorImpl.java:43)\n\tat java.base/java.lang.reflect.Method.invoke(Method.java:568)\n\tat org.junit.runners.model.FrameworkMethod$1.runReflectiveCall(FrameworkMethod.java:59)\n\tat org.junit.internal.runners.model.ReflectiveCallable.run(ReflectiveCallable.java:12)\n\tat org.junit.runners.model.FrameworkMethod.invokeExplosively(FrameworkMethod.java:56)\n\tat org.junit.internal.runners.statements.InvokeMethod.evaluate(InvokeMethod.java:17)\n\tat org.junit.internal.runners.statements.RunBefores.evaluate(RunBefores.java:26)\n\tat org.junit.internal.runners.statements.RunAfters.evaluate(RunAfters.java:27)\n\tat org.junit.runners.ParentRunner$3.evaluate(ParentRunner.java:306)\n\tat org.junit.runners.BlockJUnit4ClassRunner$1.evaluate(BlockJUnit4ClassRunner.java:100)\n\tat org.junit.runners.ParentRunner.runLeaf(ParentRunner.java:366)\n\tat org.junit.runners.BlockJUnit4ClassRunner.runChild(BlockJUnit4ClassRunner.java:103)\n\tat org.junit.runners.BlockJUnit4ClassRunner.runChild(BlockJUnit4ClassRunner.java:63)\n\tat org.junit.runners.ParentRunner$4.run(ParentRunner.java:331)\n\tat org.junit.runners.ParentRunner$1.schedule(ParentRunner.java:79)\n\tat org.junit.runners.ParentRunner.runChildren(ParentRunner.java:329)\n\tat org.junit.runners.ParentRunner.access$100(ParentRunner.java:66)\n\tat org.junit.runners.ParentRunner$2.evaluate(ParentRunner.java:293)\n\tat org.junit.runners.ParentRunner$3.evaluate(ParentRunner.java:306)\n\tat org.junit.runners.ParentRunner.run(ParentRunner.java:413)\n\tat org.apache.maven.surefire.junit4.JUnit4Provider.execute(JUnit4Provider.java:377)\n\tat org.apache.maven.surefire.junit4.JUnit4Provider.executeWithRerun(JUnit4Provider.java:284)\n\tat org.apache.maven.surefire.junit4.JUnit4Provider.executeTestSet(JUnit4Provider.java:248)\n\tat org.apache.maven.surefire.junit4.JUnit4Provider.invoke(JUnit4Provider.java:167)\n\tat org.apache.maven.surefire.booter.ForkedBooter.runSuitesInProcess(ForkedBooter.java:456)\n\tat org.apache.maven.surefire.booter.ForkedBooter.execute(ForkedBooter.java:169)\n\tat org.apache.maven.surefire.booter.ForkedBooter.run(ForkedBooter.java:595)\n\tat org.apache.maven.surefire.booter.ForkedBooter.main(ForkedBooter.java:581)\nCaused by: org.openqa.selenium.StaleElementReferenceException: stale element reference: element is not attached to the page document\n  (Session info: chrome=104.0.5112.79)\nFor documentation on this error, please visit: https://selenium.dev/exceptions/#stale_element_reference\nBuild info: version: '4.3.0', revision: 'a4995e2c09*'\nSystem info: host: 'fv-az131-695', ip: '10.1.0.177', os.name: 'Linux', os.arch: 'amd64', os.version: '5.15.0-1014-azure', java.version: '17.0.4'\nDriver info: org.openqa.selenium.remote.RemoteWebDriver\nCommand: [ddf20deeda54c1e49e03caece88e6657, getElementAttribute {id=70570a24-c36f-4136-bcb3-4943a476c8c7, name=href}]\nCapabilities {acceptInsecureCerts: true, browserName: chrome, browserVersion: 104.0.5112.79, chrome: {chromedriverVersion: 104.0.5112.79 (3cf3e8c8a07d..., userDataDir: /tmp/.com.google.Chrome.bMPsTu}, goog:chromeOptions: {debuggerAddress: localhost:45257}, networkConnectionEnabled: false, pageLoadStrategy: normal, platformName: LINUX, proxy: Proxy(), setWindowRect: true, strictFileInteractability: false, timeouts: {implicit: 0, pageLoad: 300000, script: 30000}, unhandledPromptBehavior: accept, webauthn:extension:credBlob: true, webauthn:extension:largeBlob: true, webauthn:virtualAuthenticators: true}\nElement: [[RemoteWebDriver: chrome on LINUX (ddf20deeda54c1e49e03caece88e6657)] -> xpath: //a[@aria-label='Ok']]\nSession ID: ddf20deeda54c1e49e03caece88e6657\n\tat java.base/jdk.internal.reflect.NativeConstructorAccessorImpl.newInstance0(Native Method)\n\tat java.base/jdk.internal.reflect.NativeConstructorAccessorImpl.newInstance(NativeConstructorAccessorImpl.java:77)\n\tat java.base/jdk.internal.reflect.DelegatingConstructorAccessorImpl.newInstance(DelegatingConstructorAccessorImpl.java:45)\n\tat java.base/java.lang.reflect.Constructor.newInstanceWithCaller(Constructor.java:499)\n\tat java.base/java.lang.reflect.Constructor.newInstance(Constructor.java:480)\n\tat org.openqa.selenium.remote.codec.w3c.W3CHttpResponseCodec.createException(W3CHttpResponseCodec.java:200)\n\tat org.openqa.selenium.remote.codec.w3c.W3CHttpResponseCodec.decode(W3CHttpResponseCodec.java:133)\n\tat org.openqa.selenium.remote.codec.w3c.W3CHttpResponseCodec.decode(W3CHttpResponseCodec.java:53)\n\tat org.openqa.selenium.remote.HttpCommandExecutor.execute(HttpCommandExecutor.java:184)\n\tat org.openqa.selenium.remote.RemoteWebDriver.execute(RemoteWebDriver.java:569)\n\tat org.openqa.selenium.remote.RemoteWebElement.execute(RemoteWebElement.java:257)\n\tat org.openqa.selenium.remote.RemoteWebElement.getAttribute(RemoteWebElement.java:158)\n\tat com.codeborne.selenide.commands.GetAttribute.execute(GetAttribute.java:20)\n\tat com.codeborne.selenide.commands.GetAttribute.execute(GetAttribute.java:13)\n\tat com.codeborne.selenide.commands.Commands.execute(Commands.java:155)\n\tat com.codeborne.selenide.impl.SelenideElementProxy.dispatchAndRetry(SelenideElementProxy.java:129)\n\t... 34 more\n","steps":[],"attachments":[{"uid":"2190e51aa8e7f99c","name":"Screenshot","source":"2190e51aa8e7f99c.png","type":"image/png","size":545622},{"uid":"ee8ecd238bc9ee1a","name":"Page source","source":"ee8ecd238bc9ee1a.html","type":"text/html","size":194569}],"parameters":[],"stepsCount":0,"attachmentsCount":2,"shouldDisplayMessage":true,"hasContent":true}],"attachments":[],"parameters":[],"stepsCount":1,"attachmentsCount":2,"shouldDisplayMessage":false,"hasContent":true},{"name":"Драйвер, давай до свидания","time":{"start":1659967597095,"stop":1659967597155,"duration":60},"status":"passed","steps":[{"name":"$(\"webdriver\") close()","time":{"start":1659967597095,"stop":1659967597155,"duration":60},"status":"passed","steps":[],"attachments":[],"parameters":[],"stepsCount":0,"attachmentsCount":0,"shouldDisplayMessage":false,"hasContent":false}],"attachments":[],"parameters":[],"stepsCount":1,"attachmentsCount":0,"shouldDisplayMessage":false,"hasContent":true}],"attachments":[],"parameters":[],"stepsCount":10,"attachmentsCount":2,"shouldDisplayMessage":false,"hasContent":true},"afterStages":[],"labels":[{"name":"package","value":"tests"},{"name":"testClass","value":"tests.SmallBusinessSocialsTest"},{"name":"testMethod","value":"okUrlTest"},{"name":"suite","value":"tests.SmallBusinessSocialsTest"},{"name":"host","value":"fv-az131-695"},{"name":"thread","value":"3257@fv-az131-695.main(1)"},{"name":"framework","value":"junit4"},{"name":"language","value":"java"},{"name":"story","value":"Проверка соцсетей"},{"name":"feature","value":"Малый бизнес и ИП"},{"name":"owner","value":"автор - Александр Черняев"},{"name":"resultFormat","value":"allure2"}],"parameters":[],"links":[],"hidden":false,"retry":false,"extra":{"severity":"normal","owner":"автор - Александр Черняев","retries":[],"categories":[{"name":"Product defects","matchedStatuses":[],"flaky":false}],"history":{"statistic":{"failed":1,"broken":0,"skipped":0,"passed":2,"unknown":0,"total":3},"items":[{"uid":"d93f1ac97d120223","reportUrl":"https://ImChuBZzz.github.io/autoTestsExam/10//#testresult/d93f1ac97d120223","status":"passed","time":{"start":1659885711876,"stop":1659885729382,"duration":17506}},{"uid":"ef0463d71ebbeb40","reportUrl":"https://ImChuBZzz.github.io/autoTestsExam/9//#testresult/ef0463d71ebbeb40","status":"passed","time":{"start":1659884470260,"stop":1659884484138,"duration":13878}}]},"tags":[]},"source":"3e06541b4758e8a5.json","parameterValues":[]}